  Usager.cpp
d:\g\poly\session 2\inf1010_programmation_oriente_objet\tp5\inf1010tp5\tp5\sourcefiles\usager.cpp(1): fatal error C1083: Cannot open include file: 'Usager.h': No such file or directory
  Solde.cpp
d:\g\poly\session 2\inf1010_programmation_oriente_objet\tp5\inf1010tp5\tp5\sourcefiles\solde.cpp(1): fatal error C1083: Cannot open include file: 'Solde.h': No such file or directory
  ProduitSolde.cpp
d:\g\poly\session 2\inf1010_programmation_oriente_objet\tp5\inf1010tp5\tp5\sourcefiles\produitsolde.cpp(1): fatal error C1083: Cannot open include file: 'ProduitSolde.h': No such file or directory
  ProduitAuxEncheres.cpp
d:\g\poly\session 2\inf1010_programmation_oriente_objet\tp5\inf1010tp5\tp5\sourcefiles\produitauxencheres.cpp(1): fatal error C1083: Cannot open include file: 'ProduitAuxEncheres.h': No such file or directory
  Produit.cpp
d:\g\poly\session 2\inf1010_programmation_oriente_objet\tp5\inf1010tp5\tp5\sourcefiles\produit.cpp(1): fatal error C1083: Cannot open include file: 'Produit.h': No such file or directory
  main.cpp
d:\g\poly\session 2\inf1010_programmation_oriente_objet\tp5\inf1010tp5\tp5\sourcefiles\main.cpp(3): fatal error C1083: Cannot open include file: 'Produit.h': No such file or directory
  GestionnaireUsagers.cpp
d:\g\poly\session 2\inf1010_programmation_oriente_objet\tp5\inf1010tp5\tp5\sourcefiles\gestionnaireusagers.cpp(7): fatal error C1083: Cannot open include file: 'GestionnaireUsagers.h': No such file or directory
  GestionnaireProduits.cpp
d:\g\poly\session 2\inf1010_programmation_oriente_objet\tp5\inf1010tp5\tp5\sourcefiles\gestionnaireproduits.cpp(7): fatal error C1083: Cannot open include file: 'GestionnaireProduits.h': No such file or directory
  Gestionnaire.cpp
d:\g\poly\session 2\inf1010_programmation_oriente_objet\tp5\inf1010tp5\tp5\sourcefiles\gestionnaire.cpp(1): fatal error C1083: Cannot open include file: 'Gestionnaire.h': No such file or directory
  Fournisseur.cpp
d:\g\poly\session 2\inf1010_programmation_oriente_objet\tp5\inf1010tp5\tp5\sourcefiles\fournisseur.cpp(1): fatal error C1083: Cannot open include file: 'Fournisseur.h': No such file or directory
  ClientPremium.cpp
d:\g\poly\session 2\inf1010_programmation_oriente_objet\tp5\inf1010tp5\tp5\sourcefiles\clientpremium.cpp(1): fatal error C1083: Cannot open include file: 'ClientPremium.h': No such file or directory
  Client.cpp
d:\g\poly\session 2\inf1010_programmation_oriente_objet\tp5\inf1010tp5\tp5\sourcefiles\client.cpp(1): fatal error C1083: Cannot open include file: 'Client.h': No such file or directory
  Generating Code...
